#
# There is insufficient memory for the Java Runtime Environment to continue.
# Native memory allocation (malloc) failed to allocate 32744 bytes for ChunkPool::allocate
# Possible reasons:
#   The system is out of physical RAM or swap space
#   In 32 bit mode, the process size limit was hit
# Possible solutions:
#   Reduce memory load on the system
#   Increase physical memory or swap space
#   Check if swap backing store is full
#   Use 64 bit Java on a 64 bit OS
#   Decrease Java heap size (-Xmx/-Xms)
#   Decrease number of Java threads
#   Decrease Java thread stack sizes (-Xss)
#   Set larger code cache with -XX:ReservedCodeCacheSize=
# This output file may be truncated or incomplete.
#
#  Out of Memory Error (allocation.cpp:273), pid=14656, tid=0x000000000000156c
#
# JRE version: OpenJDK Runtime Environment (8.0_112-b06) (build 1.8.0_112-release-b06)
# Java VM: OpenJDK 64-Bit Server VM (25.112-b06 mixed mode windows-amd64 compressed oops)
# Failed to write core dump. Minidumps are not enabled by default on client versions of Windows
#

---------------  T H R E A D  ---------------

Current thread (0x0000000055419800):  JavaThread "C2 CompilerThread1" daemon [_thread_in_native, id=5484, stack(0x0000000056d80000,0x0000000056e80000)]

Stack: [0x0000000056d80000,0x0000000056e80000]
[error occurred during error reporting (printing stack bounds), id 0xc0000005]

Native frames: (J=compiled Java code, j=interpreted, Vv=VM code, C=native code)


Current CompileTask:
C2:   2131 1268   !   4       com.android.dx.cf.cst.ConstantPoolParser::parse0 (731 bytes)


---------------  P R O C E S S  ---------------

Java Threads: ( => current thread )
  0x00000000570d6800 JavaThread "pool-1-thread-4" [_thread_blocked, id=11596, stack(0x0000000057c50000,0x0000000057d50000)]
  0x00000000570d3000 JavaThread "pool-1-thread-3" [_thread_blocked, id=10912, stack(0x00000000579c0000,0x0000000057ac0000)]
  0x00000000570cf000 JavaThread "pool-1-thread-2" [_thread_blocked, id=8596, stack(0x0000000057830000,0x0000000057930000)]
  0x0000000057110000 JavaThread "pool-2-thread-1" [_thread_blocked, id=2044, stack(0x00000000575f0000,0x00000000576f0000)]
  0x000000005710c000 JavaThread "pool-1-thread-1" [_thread_blocked, id=14292, stack(0x00000000576f0000,0x00000000577f0000)]
  0x0000000056e88800 JavaThread "Service Thread" daemon [_thread_blocked, id=11496, stack(0x00000000572e0000,0x00000000573e0000)]
  0x000000005541a800 JavaThread "C1 CompilerThread2" daemon [_thread_blocked, id=1148, stack(0x0000000056a50000,0x0000000056b50000)]
=>0x0000000055419800 JavaThread "C2 CompilerThread1" daemon [_thread_in_native, id=5484, stack(0x0000000056d80000,0x0000000056e80000)]
  0x0000000055415800 JavaThread "C2 CompilerThread0" daemon [_thread_blocked, id=6888, stack(0x0000000056b80000,0x0000000056c80000)]
  0x0000000055411000 JavaThread "Attach Listener" daemon [_thread_blocked, id=8256, stack(0x00000000566e0000,0x00000000567e0000)]
  0x0000000055410000 JavaThread "Signal Dispatcher" daemon [_thread_blocked, id=13836, stack(0x0000000056900000,0x0000000056a00000)]
  0x00000000553f7800 JavaThread "Finalizer" daemon [_thread_blocked, id=3164, stack(0x00000000567f0000,0x00000000568f0000)]
  0x00000000553b0000 JavaThread "Reference Handler" daemon [_thread_blocked, id=11136, stack(0x0000000056540000,0x0000000056640000)]
  0x000000000233e000 JavaThread "main" [_thread_blocked, id=6176, stack(0x0000000002590000,0x0000000002690000)]

Other Threads:
  0x00000000553a8800 VMThread [stack: 0x00000000563d0000,0x00000000564d0000] [id=14536]
  0x000000005541d000 WatcherThread [stack: 0x00000000574b0000,0x00000000575b0000] [id=15724]

VM state:at safepoint (normal execution)

VM Mutex/Monitor currently owned by a thread:  ([mutex/lock_event])
[0x000000000233c210] Threads_lock - owner thread: 0x00000000553a8800
[0x000000000233c710] Heap_lock - owner thread: 0x000000000233e000

Heap:
 PSYoungGen      total 57344K, used 49152K [0x00000000eab00000, 0x00000000eeb00000, 0x0000000100000000)
  eden space 49152K, 100% used [0x00000000eab00000,0x00000000edb00000,0x00000000edb00000)
  from space 8192K, 0% used [0x00000000ee300000,0x00000000ee300000,0x00000000eeb00000)
  to   space 8192K, 57% used [0x00000000edb00000,0x00000000edf9d8d8,0x00000000ee300000)
 ParOldGen       total 131072K, used 0K [0x00000000c0000000, 0x00000000c8000000, 0x00000000eab00000)
  object space 131072K, 0% used [0x00000000c0000000,0x00000000c0000000,0x00000000c8000000)
 Metaspace       used 6013K, capacity 7024K, committed 7296K, reserved 1056768K
  class space    used 575K, capacity 616K, committed 640K, reserved 1048576K

Card table byte_map: [0x0000000011d20000,0x0000000011f30000] byte_map_base: 0x0000000011720000

Marking Bits: (ParMarkBitMap*) 0x000000006e3918f0
 Begin Bits: [0x0000000012820000, 0x0000000013820000)
 End Bits:   [0x0000000013820000, 0x0000000014820000)

Polling page: 0x0000000000230000

CodeCache: size=245760Kb used=5446Kb max_used=5453Kb free=240313Kb
 bounds [0x0000000002960000, 0x0000000002ec0000, 0x0000000011960000]
 total_blobs=1605 nmethods=1339 adapters=180
 compilation: enabled

Compilation events (10 events):
Event: 1.956 Thread 0x000000005541a800 nmethod 1341 0x0000000002ea0810 code [0x0000000002ea0980, 0x0000000002ea0bb8]
Event: 1.956 Thread 0x000000005541a800 1342       3       com.android.dx.ssa.SsaBasicBlock::insertNewSuccessor (228 bytes)
Event: 1.957 Thread 0x0000000055415800 1343       4       com.android.dx.rop.code.LocalItem::compareTo (32 bytes)
Event: 1.957 Thread 0x000000005541a800 nmethod 1342 0x0000000002e9c050 code [0x0000000002e9c380, 0x0000000002e9d848]
Event: 1.958 Thread 0x0000000055415800 nmethod 1343 0x0000000002e9b950 code [0x0000000002e9baa0, 0x0000000002e9bd78]
Event: 1.959 Thread 0x0000000055415800 1344       4       com.android.dx.ssa.SsaRenamer$BlockRenamer::visitNonMoveInsn (14 bytes)
Event: 1.971 Thread 0x0000000055415800 nmethod 1344 0x0000000002eb3610 code [0x0000000002eb37a0, 0x0000000002eb3f50]
Event: 1.972 Thread 0x0000000055415800 1345       4       com.android.dx.ssa.SsaRenamer$BlockRenamer::process (191 bytes)
Event: 1.975 Thread 0x000000005541a800 1346       3       com.android.dx.rop.annotation.Annotations::add (75 bytes)
Event: 1.976 Thread 0x000000005541a800 nmethod 1346 0x0000000002eb65d0 code [0x0000000002eb6840, 0x0000000002eb7728]

GC Heap History (1 events):
Event: 2.081 GC heap before
{Heap before GC invocations=1 (full 0):
 PSYoungGen      total 57344K, used 49152K [0x00000000eab00000, 0x00000000eeb00000, 0x0000000100000000)
  eden space 49152K, 100% used [0x00000000eab00000,0x00000000edb00000,0x00000000edb00000)
  from space 8192K, 0% used [0x00000000ee300000,0x00000000ee300000,0x00000000eeb00000)
  to   space 8192K, 0% used [0x00000000edb00000,0x00000000edb00000,0x00000000ee300000)
 ParOldGen       total 131072K, used 0K [0x00000000c0000000, 0x00000000c8000000, 0x00000000eab00000)
  object space 131072K, 0% used [0x00000000c0000000,0x00000000c0000000,0x00000000c8000000)
 Metaspace       used 6013K, capacity 7024K, committed 7296K, reserved 1056768K
  class space    used 575K, capacity 616K, committed 640K, reserved 1048576K

Deoptimization events (8 events):
Event: 0.577 Thread 0x00000000570cf000 Uncommon trap: reason=unstable_if action=reinterpret pc=0x0000000002b6ec2c method=java.util.HashMap.getNode(ILjava/lang/Object;)Ljava/util/HashMap$Node; @ 62
Event: 1.222 Thread 0x00000000570d3000 Uncommon trap: reason=unstable_if action=reinterpret pc=0x0000000002c3e990 method=com.android.dx.rop.code.RegisterSpec.equals(ILcom/android/dx/rop/type/TypeBearer;Lcom/android/dx/rop/code/LocalItem;)Z @ 42
Event: 1.293 Thread 0x00000000570cf000 Uncommon trap: reason=unstable_if action=reinterpret pc=0x0000000002cd66dc method=com.android.dx.rop.code.RegisterSpecSet.put(Lcom/android/dx/rop/code/RegisterSpec;)V @ 77
Event: 1.293 Thread 0x00000000570cf000 Uncommon trap: reason=unstable_if action=reinterpret pc=0x0000000002d4358c method=com.android.dx.rop.code.RegisterSpecSet.put(Lcom/android/dx/rop/code/RegisterSpec;)V @ 77
Event: 2.030 Thread 0x000000000233e000 Uncommon trap: reason=unstable_if action=reinterpret pc=0x0000000002e5ef68 method=com.android.dx.rop.cst.StdConstantPool.set(ILcom/android/dx/rop/cst/Constant;)V @ 12
Event: 2.032 Thread 0x000000000233e000 Uncommon trap: reason=uninitialized action=reinterpret pc=0x0000000002ea6628 method=com.android.dx.cf.code.BytecodeArray.parseInstruction(ILcom/android/dx/cf/code/BytecodeArray$Visitor;)I @ 1095
Event: 2.034 Thread 0x000000000233e000 Uncommon trap: reason=unstable_if action=reinterpret pc=0x0000000002e5ba14 method=com.android.dx.rop.cst.CstLiteral32.equals(Ljava/lang/Object;)Z @ 12
Event: 2.034 Thread 0x000000000233e000 Uncommon trap: reason=unstable_if action=reinterpret pc=0x0000000002bdfe44 method=com.android.dx.rop.cst.Constant.compareTo(Lcom/android/dx/rop/cst/Constant;)I @ 12

Internal exceptions (2 events):
Event: 0.041 Thread 0x000000000233e000 Exception <a 'java/lang/NoSuchMethodError': Method sun.misc.Unsafe.defineClass(Ljava/lang/String;[BII)Ljava/lang/Class; name or signature does not match> (0x00000000eab07c78) thrown at [C:\src\android\AOSP-openjdk\external\jetbrains\jdk\hotspot\src\share\vﬁÚ",3•?
Event: 0.041 Thread 0x000000000233e000 Exception <a 'java/lang/NoSuchMethodError': Method sun.misc.Unsafe.prefetchRead(Ljava/lang/Object;J)V name or signature does not match> (0x00000000eab07f60) thrown at [C:\src\android\AOSP-openjdk\external\jetbrains\jdk\hotspot\src\share\vm\prims\jni.cpp, l

Events (10 events):
Event: 2.032 Thread 0x000000000233e000 Uncommon trap: trap_request=0xffffffb5 fr.pc=0x0000000002ea6628
Event: 2.032 Thread 0x000000000233e000 DEOPT PACKING pc=0x0000000002ea6628 sp=0x000000000268e4c0
Event: 2.032 Thread 0x000000000233e000 DEOPT UNPACKING pc=0x00000000029a556a sp=0x000000000268e430 mode 2
Event: 2.034 Thread 0x000000000233e000 Uncommon trap: trap_request=0xffffff65 fr.pc=0x0000000002e5ba14
Event: 2.034 Thread 0x000000000233e000 DEOPT PACKING pc=0x0000000002e5ba14 sp=0x000000000268e310
Event: 2.034 Thread 0x000000000233e000 DEOPT UNPACKING pc=0x00000000029a556a sp=0x000000000268e238 mode 2
Event: 2.034 Thread 0x000000000233e000 Uncommon trap: trap_request=0xffffff65 fr.pc=0x0000000002bdfe44
Event: 2.034 Thread 0x000000000233e000 DEOPT PACKING pc=0x0000000002bdfe44 sp=0x000000000268e050
Event: 2.034 Thread 0x000000000233e000 DEOPT UNPACKING pc=0x00000000029a556a sp=0x000000000268dff0 mode 2
Event: 2.072 Executing VM operation: ParallelGCFailedAllocation


Dynamic libraries:
0x000000013ff80000 - 0x000000013ffb1000 	C:\Program Files\Android\Android Studio\jre\bin\java.exe
0x0000000077500000 - 0x00000000776aa000 	C:\Windows\SYSTEM32\ntdll.dll
0x00000000773e0000 - 0x00000000774ff000 	C:\Windows\system32\kernel32.dll
0x000007fefd4a0000 - 0x000007fefd50a000 	C:\Windows\system32\KERNELBASE.dll
0x000007fefe380000 - 0x000007fefe45b000 	C:\Windows\system32\ADVAPI32.dll
0x000007feff770000 - 0x000007feff80f000 	C:\Windows\system32\msvcrt.dll
0x000007feff6c0000 - 0x000007feff6df000 	C:\Windows\SYSTEM32\sechost.dll
0x000007fefd830000 - 0x000007fefd95d000 	C:\Windows\system32\RPCRT4.dll
0x00000000772e0000 - 0x00000000773da000 	C:\Windows\system32\USER32.dll
0x000007fefd740000 - 0x000007fefd7a7000 	C:\Windows\system32\GDI32.dll
0x000007fefda00000 - 0x000007fefda0e000 	C:\Windows\system32\LPK.dll
0x000007fefe120000 - 0x000007fefe1eb000 	C:\Windows\system32\USP10.dll
0x000007fefb730000 - 0x000007fefb924000 	C:\Windows\WinSxS\amd64_microsoft.windows.common-controls_6595b64144ccf1df_6.0.7601.18837_none_fa3b1e3d17594757\COMCTL32.dll
0x000007fefd7b0000 - 0x000007fefd821000 	C:\Windows\system32\SHLWAPI.dll
0x000007feff740000 - 0x000007feff76e000 	C:\Windows\system32\IMM32.DLL
0x000007fefe010000 - 0x000007fefe119000 	C:\Windows\system32\MSCTF.dll
0x0000000070ad0000 - 0x0000000070ba2000 	C:\Program Files\Android\Android Studio\jre\jre\bin\msvcr100.dll
0x000000006dbd0000 - 0x000000006e40c000 	C:\Program Files\Android\Android Studio\jre\jre\bin\server\jvm.dll
0x000007fef3420000 - 0x000007fef3429000 	C:\Windows\system32\WSOCK32.dll
0x000007fefd6f0000 - 0x000007fefd73d000 	C:\Windows\system32\WS2_32.dll
0x000007fefe460000 - 0x000007fefe468000 	C:\Windows\system32\NSI.dll
0x000007fefb070000 - 0x000007fefb0ab000 	C:\Windows\system32\WINMM.dll
0x000007fefc270000 - 0x000007fefc27c000 	C:\Windows\system32\VERSION.dll
0x00000000776c0000 - 0x00000000776c7000 	C:\Windows\system32\PSAPI.DLL
0x000007fefc450000 - 0x000007fefc45f000 	C:\Program Files\Android\Android Studio\jre\jre\bin\verify.dll
0x000007fef93f0000 - 0x000007fef9419000 	C:\Program Files\Android\Android Studio\jre\jre\bin\java.dll
0x000007fefa5e0000 - 0x000007fefa5f6000 	C:\Program Files\Android\Android Studio\jre\jre\bin\zip.dll
0x000007fefe930000 - 0x000007feff6ba000 	C:\Windows\system32\SHELL32.dll
0x000007fefe650000 - 0x000007fefe84c000 	C:\Windows\system32\ole32.dll
0x000007fefd1f0000 - 0x000007fefd1ff000 	C:\Windows\system32\profapi.dll

VM Arguments:
jvm_args: -Djava.awt.headless=true -Xmx1024M -Dfile.encoding=windows-1252 -Duser.country=BR -Duser.language=pt -Duser.variant 
java_command: com.android.dx.command.Main --dex --num-threads=4 --output D:\Users\Germano\Documents\Universidade\TCC\android-sdk-examples-master\Basic\build\intermediates\pre-dexed\debug\classes_396a54652ea07845636aac883db87231b65be373.jar C:\Users\Germano\.android\build-cache\dc608c973eb3275ab7a33c654b773eaed0ed9c2d\output\jars\classes.jar
java_class_path (initial): C:\Users\Germano\AppData\Local\Android\sdk\build-tools\25.0.0\lib\dx.jar
Launcher Type: SUN_STANDARD

Environment Variables:
PATH=C:\Windows\system32;C:\Windows;C:\Windows\System32\Wbem;C:\Windows\System32\WindowsPowerShell\v1.0\;C:\Program Files (x86)\NVIDIA Corporation\PhysX\Common;C:\Program Files (x86)\Skype\Phone\;C:\Program Files\Git\cmd;C:\Program Files (x86)\GitExtensions\;C:\Users\Germano\AppData\Local\Programs\Python\Python36-32;C:\Users\Germano\AppData\Local\Programs\Python\Python36-32\Scripts;C:\Users\Germano\AppData\Local\Programs\Python\Python36-32\Scripts\;C:\Users\Germano\AppData\Local\Programs\Python\Python36-32\
USERNAME=Germano
OS=Windows_NT
PROCESSOR_IDENTIFIER=Intel64 Family 6 Model 42 Stepping 7, GenuineIntel



---------------  S Y S T E M  ---------------

OS: Windows 7 , 64 bit Build 7601 (6.1.7601.23889)

CPU:total 4 (4 cores per cpu, 1 threads per core) family 6 model 42 stepping 7, cmov, cx8, fxsr, mmx, sse, sse2, sse3, ssse3, sse4.1, sse4.2, popcnt, avx, aes, clmul, tsc, tscinvbit

Memory: 4k page, physical 12527312k(3125520k free), swap 12525452k(2192k free)

vm_info: OpenJDK 64-Bit Server VM (25.112-b06) for windows-amd64 JRE (1.8.0_112-release-b06), built on Dec  8 2016 00:54:26 by "builder" with MS VC++ 10.0 (VS2010)

time: Thu Oct 26 11:04:08 2017
elapsed time: 2 seconds (0d 0h 0m 2s)

