#
# There is insufficient memory for the Java Runtime Environment to continue.
# Native memory allocation (malloc) failed to allocate 32744 bytes for ChunkPool::allocate
# Possible reasons:
#   The system is out of physical RAM or swap space
#   In 32 bit mode, the process size limit was hit
# Possible solutions:
#   Reduce memory load on the system
#   Increase physical memory or swap space
#   Check if swap backing store is full
#   Use 64 bit Java on a 64 bit OS
#   Decrease Java heap size (-Xmx/-Xms)
#   Decrease number of Java threads
#   Decrease Java thread stack sizes (-Xss)
#   Set larger code cache with -XX:ReservedCodeCacheSize=
# This output file may be truncated or incomplete.
#
#  Out of Memory Error (allocation.cpp:273), pid=12436, tid=0x0000000000003830
#
# JRE version: OpenJDK Runtime Environment (8.0_112-b06) (build 1.8.0_112-release-b06)
# Java VM: OpenJDK 64-Bit Server VM (25.112-b06 mixed mode windows-amd64 compressed oops)
# Failed to write core dump. Minidumps are not enabled by default on client versions of Windows
#

---------------  T H R E A D  ---------------

Current thread (0x00000000550ba800):  JavaThread "C1 CompilerThread2" daemon [_thread_in_native, id=14384, stack(0x0000000056a30000,0x0000000056b30000)]

Stack: [0x0000000056a30000,0x0000000056b30000]
[error occurred during error reporting (printing stack bounds), id 0xc0000005]

Native frames: (J=compiled Java code, j=interpreted, Vv=VM code, C=native code)


Current CompileTask:
C1:   1438 1210       3       com.android.dx.ssa.ConstCollector::getConstsSortedByCountUse (386 bytes)


---------------  P R O C E S S  ---------------

Java Threads: ( => current thread )
  0x0000000056e4c000 JavaThread "pool-1-thread-4" [_thread_blocked, id=10200, stack(0x0000000057590000,0x0000000057690000)]
  0x0000000056d9c000 JavaThread "pool-1-thread-3" [_thread_in_vm, id=8208, stack(0x00000000578c0000,0x00000000579c0000)]
  0x0000000056e0f800 JavaThread "pool-1-thread-2" [_thread_blocked, id=6580, stack(0x0000000057760000,0x0000000057860000)]
  0x0000000056e0a000 JavaThread "pool-2-thread-1" [_thread_blocked, id=15060, stack(0x0000000057380000,0x0000000057480000)]
  0x0000000056ec8000 JavaThread "pool-1-thread-1" [_thread_blocked, id=14896, stack(0x0000000057490000,0x0000000057590000)]
  0x0000000056b38800 JavaThread "Service Thread" daemon [_thread_blocked, id=6892, stack(0x0000000057010000,0x0000000057110000)]
=>0x00000000550ba800 JavaThread "C1 CompilerThread2" daemon [_thread_in_native, id=14384, stack(0x0000000056a30000,0x0000000056b30000)]
  0x00000000550b9800 JavaThread "C2 CompilerThread1" daemon [_thread_in_native, id=10052, stack(0x0000000056700000,0x0000000056800000)]
  0x00000000550b5800 JavaThread "C2 CompilerThread0" daemon [_thread_in_native, id=6756, stack(0x0000000056820000,0x0000000056920000)]
  0x00000000550b1000 JavaThread "Attach Listener" daemon [_thread_blocked, id=13884, stack(0x00000000565f0000,0x00000000566f0000)]
  0x00000000550b0000 JavaThread "Signal Dispatcher" daemon [_thread_blocked, id=8116, stack(0x0000000056460000,0x0000000056560000)]
  0x0000000055097800 JavaThread "Finalizer" daemon [_thread_blocked, id=10376, stack(0x0000000056340000,0x0000000056440000)]
  0x0000000055050000 JavaThread "Reference Handler" daemon [_thread_blocked, id=8928, stack(0x00000000561e0000,0x00000000562e0000)]
  0x000000000219e000 JavaThread "main" [_thread_in_vm, id=14092, stack(0x0000000002260000,0x0000000002360000)]

Other Threads:
  0x0000000055048800 VMThread [stack: 0x0000000056000000,0x0000000056100000] [id=1760]
  0x00000000550bd000 WatcherThread [stack: 0x00000000571e0000,0x00000000572e0000] [id=14808]

VM state:not at safepoint (normal execution)

VM Mutex/Monitor currently owned by a thread: None

Heap:
 PSYoungGen      total 57344K, used 34414K [0x00000000eab00000, 0x00000000eeb00000, 0x0000000100000000)
  eden space 49152K, 70% used [0x00000000eab00000,0x00000000ecc9ba20,0x00000000edb00000)
  from space 8192K, 0% used [0x00000000ee300000,0x00000000ee300000,0x00000000eeb00000)
  to   space 8192K, 0% used [0x00000000edb00000,0x00000000edb00000,0x00000000ee300000)
 ParOldGen       total 131072K, used 0K [0x00000000c0000000, 0x00000000c8000000, 0x00000000eab00000)
  object space 131072K, 0% used [0x00000000c0000000,0x00000000c0000000,0x00000000c8000000)
 Metaspace       used 5882K, capacity 6896K, committed 7040K, reserved 1056768K
  class space    used 572K, capacity 616K, committed 640K, reserved 1048576K

Card table byte_map: [0x0000000011aa0000,0x0000000011cb0000] byte_map_base: 0x00000000114a0000

Marking Bits: (ParMarkBitMap*) 0x000000006e3918f0
 Begin Bits: [0x00000000124c0000, 0x00000000134c0000)
 End Bits:   [0x00000000134c0000, 0x00000000144c0000)

Polling page: 0x0000000000450000

CodeCache: size=245760Kb used=4831Kb max_used=4831Kb free=240928Kb
 bounds [0x00000000026e0000, 0x0000000002ba0000, 0x00000000116e0000]
 total_blobs=1472 nmethods=1206 adapters=180
 compilation: enabled

Compilation events (10 events):
Event: 1.420 Thread 0x00000000550ba800 1206       3       com.android.dx.ssa.Dominators::run (506 bytes)
Event: 1.424 Thread 0x00000000550ba800 nmethod 1206 0x0000000002b94250 code [0x0000000002b94840, 0x0000000002b98978]
Event: 1.424 Thread 0x00000000550ba800 1207       3       java.util.TreeMap$Values::<init> (10 bytes)
Event: 1.424 Thread 0x00000000550ba800 nmethod 1207 0x0000000002b90a50 code [0x0000000002b90bc0, 0x0000000002b90df0]
Event: 1.425 Thread 0x00000000550ba800 1208       3       com.android.dx.dex.file.Item::<init> (5 bytes)
Event: 1.425 Thread 0x00000000550ba800 nmethod 1208 0x0000000002b894d0 code [0x0000000002b89620, 0x0000000002b897d0]
Event: 1.425 Thread 0x00000000550ba800 1209       3       com.android.dx.cf.direct.DirectClassFile::parseToEndIfNecessary (12 bytes)
Event: 1.425 Thread 0x00000000550b9800 1211   !   4       com.android.dx.cf.code.BytecodeArray::parseInstruction (2764 bytes)
Event: 1.434 Thread 0x00000000550ba800 nmethod 1209 0x0000000002b9c310 code [0x0000000002b9c480, 0x0000000002b9c648]
Event: 1.434 Thread 0x00000000550ba800 1210       3       com.android.dx.ssa.ConstCollector::getConstsSortedByCountUse (386 bytes)

GC Heap History (0 events):
No events

Deoptimization events (9 events):
Event: 0.276 Thread 0x000000000219e000 Uncommon trap: reason=unstable_if action=reinterpret pc=0x0000000002811884 method=java.lang.String.indexOf(II)I @ 49
Event: 0.776 Thread 0x0000000056e0f800 Uncommon trap: reason=unstable_if action=reinterpret pc=0x0000000002913a1c method=java.util.HashMap.getNode(ILjava/lang/Object;)Ljava/util/HashMap$Node; @ 62
Event: 0.800 Thread 0x0000000056d9c000 Uncommon trap: reason=unstable_if action=reinterpret pc=0x00000000029446a0 method=java.util.BitSet.nextSetBit(I)I @ 87
Event: 0.932 Thread 0x0000000056e4c000 Uncommon trap: reason=unstable_if action=reinterpret pc=0x00000000029420a4 method=java.util.BitSet.ensureCapacity(I)V @ 6
Event: 0.941 Thread 0x0000000056e4c000 Uncommon trap: reason=unstable_if action=reinterpret pc=0x00000000029d5544 method=com.android.dx.rop.cst.Constant.compareTo(Lcom/android/dx/rop/cst/Constant;)I @ 12
Event: 1.012 Thread 0x0000000056e0f800 Uncommon trap: reason=unstable_if action=reinterpret pc=0x000000000293218c method=java.util.HashMap.getNode(ILjava/lang/Object;)Ljava/util/HashMap$Node; @ 62
Event: 1.016 Thread 0x0000000056ec8000 Uncommon trap: reason=unstable_if action=reinterpret pc=0x0000000002a750ac method=com.android.dx.util.IntList.binarysearch(I)I @ 105
Event: 1.139 Thread 0x0000000056d9c000 Uncommon trap: reason=unstable_if action=reinterpret pc=0x0000000002a1715c method=com.android.dx.rop.code.RegisterSpecSet.put(Lcom/android/dx/rop/code/RegisterSpec;)V @ 77
Event: 1.139 Thread 0x0000000056d9c000 Uncommon trap: reason=unstable_if action=reinterpret pc=0x0000000002a1d680 method=com.android.dx.rop.code.RegisterSpecSet.put(Lcom/android/dx/rop/code/RegisterSpec;)V @ 77

Internal exceptions (2 events):
Event: 0.053 Thread 0x000000000219e000 Exception <a 'java/lang/NoSuchMethodError': Method sun.misc.Unsafe.defineClass(Ljava/lang/String;[BII)Ljava/lang/Class; name or signature does not match> (0x00000000eab07c78) thrown at [C:\src\android\AOSP-openjdk\external\jetbrains\jdk\hotspot\src\share\vÅ=›Üf´?
Event: 0.054 Thread 0x000000000219e000 Exception <a 'java/lang/NoSuchMethodError': Method sun.misc.Unsafe.prefetchRead(Ljava/lang/Object;J)V name or signature does not match> (0x00000000eab07f60) thrown at [C:\src\android\AOSP-openjdk\external\jetbrains\jdk\hotspot\src\share\vm\prims\jni.cpp, l

Events (10 events):
Event: 1.016 Thread 0x0000000056ec8000 DEOPT PACKING pc=0x0000000002a750ac sp=0x000000005758eef0
Event: 1.016 Thread 0x0000000056ec8000 DEOPT UNPACKING pc=0x000000000272556a sp=0x000000005758ee68 mode 2
Event: 1.132 Executing VM operation: ForceSafepoint
Event: 1.136 Executing VM operation: ForceSafepoint done
Event: 1.139 Thread 0x0000000056d9c000 Uncommon trap: trap_request=0xffffff65 fr.pc=0x0000000002a1715c
Event: 1.139 Thread 0x0000000056d9c000 DEOPT PACKING pc=0x0000000002a1715c sp=0x00000000579be860
Event: 1.139 Thread 0x0000000056d9c000 DEOPT UNPACKING pc=0x000000000272556a sp=0x00000000579be7e8 mode 2
Event: 1.139 Thread 0x0000000056d9c000 Uncommon trap: trap_request=0xffffff65 fr.pc=0x0000000002a1d680
Event: 1.139 Thread 0x0000000056d9c000 DEOPT PACKING pc=0x0000000002a1d680 sp=0x00000000579be850
Event: 1.139 Thread 0x0000000056d9c000 DEOPT UNPACKING pc=0x000000000272556a sp=0x00000000579be770 mode 2


Dynamic libraries:
0x000000013ff80000 - 0x000000013ffb1000 	C:\Program Files\Android\Android Studio\jre\bin\java.exe
0x0000000077500000 - 0x00000000776aa000 	C:\Windows\SYSTEM32\ntdll.dll
0x00000000773e0000 - 0x00000000774ff000 	C:\Windows\system32\kernel32.dll
0x000007fefd4a0000 - 0x000007fefd50a000 	C:\Windows\system32\KERNELBASE.dll
0x000007fefe380000 - 0x000007fefe45b000 	C:\Windows\system32\ADVAPI32.dll
0x000007feff770000 - 0x000007feff80f000 	C:\Windows\system32\msvcrt.dll
0x000007feff6c0000 - 0x000007feff6df000 	C:\Windows\SYSTEM32\sechost.dll
0x000007fefd830000 - 0x000007fefd95d000 	C:\Windows\system32\RPCRT4.dll
0x00000000772e0000 - 0x00000000773da000 	C:\Windows\system32\USER32.dll
0x000007fefd740000 - 0x000007fefd7a7000 	C:\Windows\system32\GDI32.dll
0x000007fefda00000 - 0x000007fefda0e000 	C:\Windows\system32\LPK.dll
0x000007fefe120000 - 0x000007fefe1eb000 	C:\Windows\system32\USP10.dll
0x000007fefb730000 - 0x000007fefb924000 	C:\Windows\WinSxS\amd64_microsoft.windows.common-controls_6595b64144ccf1df_6.0.7601.18837_none_fa3b1e3d17594757\COMCTL32.dll
0x000007fefd7b0000 - 0x000007fefd821000 	C:\Windows\system32\SHLWAPI.dll
0x000007feff740000 - 0x000007feff76e000 	C:\Windows\system32\IMM32.DLL
0x000007fefe010000 - 0x000007fefe119000 	C:\Windows\system32\MSCTF.dll
0x0000000070ad0000 - 0x0000000070ba2000 	C:\Program Files\Android\Android Studio\jre\jre\bin\msvcr100.dll
0x000000006dbd0000 - 0x000000006e40c000 	C:\Program Files\Android\Android Studio\jre\jre\bin\server\jvm.dll
0x000007fef3420000 - 0x000007fef3429000 	C:\Windows\system32\WSOCK32.dll
0x000007fefd6f0000 - 0x000007fefd73d000 	C:\Windows\system32\WS2_32.dll
0x000007fefe460000 - 0x000007fefe468000 	C:\Windows\system32\NSI.dll
0x000007fefb070000 - 0x000007fefb0ab000 	C:\Windows\system32\WINMM.dll
0x000007fefc270000 - 0x000007fefc27c000 	C:\Windows\system32\VERSION.dll
0x00000000776c0000 - 0x00000000776c7000 	C:\Windows\system32\PSAPI.DLL
0x000007fefc450000 - 0x000007fefc45f000 	C:\Program Files\Android\Android Studio\jre\jre\bin\verify.dll
0x000007fef93f0000 - 0x000007fef9419000 	C:\Program Files\Android\Android Studio\jre\jre\bin\java.dll
0x000007fefa5e0000 - 0x000007fefa5f6000 	C:\Program Files\Android\Android Studio\jre\jre\bin\zip.dll
0x000007fefe930000 - 0x000007feff6ba000 	C:\Windows\system32\SHELL32.dll
0x000007fefe650000 - 0x000007fefe84c000 	C:\Windows\system32\ole32.dll
0x000007fefd1f0000 - 0x000007fefd1ff000 	C:\Windows\system32\profapi.dll

VM Arguments:
jvm_args: -Djava.awt.headless=true -Xmx1024M -Dfile.encoding=windows-1252 -Duser.country=BR -Duser.language=pt -Duser.variant 
java_command: com.android.dx.command.Main --dex --num-threads=4 --output D:\Users\Germano\Documents\Universidade\TCC\android-sdk-examples-master\Basic\build\intermediates\pre-dexed\debug\commons-lang3-3.3.2_a4dca484f44bdb72998a6f051d4d50190fc90955.jar C:\Users\Germano\.gradle\caches\modules-2\files-2.1\org.apache.commons\commons-lang3\3.3.2\90a3822c38ec8c996e84c16a3477ef632cbc87a3\commons-lang3-3.3.2.jar
java_class_path (initial): C:\Users\Germano\AppData\Local\Android\sdk\build-tools\25.0.0\lib\dx.jar
Launcher Type: SUN_STANDARD

Environment Variables:
PATH=C:\Windows\system32;C:\Windows;C:\Windows\System32\Wbem;C:\Windows\System32\WindowsPowerShell\v1.0\;C:\Program Files (x86)\NVIDIA Corporation\PhysX\Common;C:\Program Files (x86)\Skype\Phone\;C:\Program Files\Git\cmd;C:\Program Files (x86)\GitExtensions\;C:\Users\Germano\AppData\Local\Programs\Python\Python36-32;C:\Users\Germano\AppData\Local\Programs\Python\Python36-32\Scripts;C:\Users\Germano\AppData\Local\Programs\Python\Python36-32\Scripts\;C:\Users\Germano\AppData\Local\Programs\Python\Python36-32\
USERNAME=Germano
OS=Windows_NT
PROCESSOR_IDENTIFIER=Intel64 Family 6 Model 42 Stepping 7, GenuineIntel



---------------  S Y S T E M  ---------------

OS: Windows 7 , 64 bit Build 7601 (6.1.7601.23889)

CPU:total 4 (4 cores per cpu, 1 threads per core) family 6 model 42 stepping 7, cmov, cx8, fxsr, mmx, sse, sse2, sse3, ssse3, sse4.1, sse4.2, popcnt, avx, aes, clmul, tsc, tscinvbit

Memory: 4k page, physical 12527312k(3209880k free), swap 12525452k(2572k free)

vm_info: OpenJDK 64-Bit Server VM (25.112-b06) for windows-amd64 JRE (1.8.0_112-release-b06), built on Dec  8 2016 00:54:26 by "builder" with MS VC++ 10.0 (VS2010)

time: Thu Oct 26 11:04:10 2017
elapsed time: 1 seconds (0d 0h 0m 1s)

